2026-07-06 19:04:23,967 - INFO - Connected to Spotify
2026-07-06 19:04:23,969 - INFO - file_cache is only supported with oauth2client<4.0.0
2026-07-06 19:04:23,971 - INFO - Connected to YouTube API
2026-07-06 19:04:27,666 - INFO - Searching: Sahana Sahana (From "The Rajasaab") [TELUGU]
2026-07-06 19:04:28,219 - INFO - Matched Sahana Sahana (From "The Rajasaab") [TELUGU] -> Full Video: Sahana Sahana | The Rajasaab | Prabhas | Nidhhi Agerwal | Maruthi | Thaman S | Vishal M
2026-07-06 19:04:28,220 - INFO - Searching: Dekhlenge Saala (From "Ustaad Bhagat Singh")
2026-07-06 19:04:28,617 - INFO - Matched Dekhlenge Saala (From "Ustaad Bhagat Singh") -> Power Star&#39;s Mass Blast! 🔥 &quot;Dekhlenge Saala&quot; | Ustaad Bhagat Singh | DSP |  Sreeleela 🦁⚡ #pspk
2026-07-06 19:04:28,618 - INFO - Searching: Singari - From "Dude (Telugu)"
2026-07-06 19:04:28,999 - INFO - Matched Singari - From "Dude (Telugu)" -> Singari Video Song | Dude | Pradeep Ranganathan, Mamitha Baiju | @SaiAbhyankkar | Keerthiswaran
2026-07-06 19:04:28,999 - INFO - Searching: Chikiri Chikiri (From "Peddi") [TELUGU]
2026-07-06 19:04:29,437 - INFO - Matched Chikiri Chikiri (From "Peddi") [TELUGU] -> Chikiri Chikiri Video Song | Peddi | Ram Charan | Janhvi | Buchi Babu Sana | AR Rahman|Mohit Chauhan
2026-07-06 19:04:29,438 - INFO - Searching: Nuvvunte Chaley
2026-07-06 19:04:29,848 - INFO - Matched Nuvvunte Chaley -> Nuvvunte Chaley - Lyrical | Andhra King Taluka | Ram Pothineni | Bhagyashri Borse | Mahesh Babu P
2026-07-06 19:04:29,848 - INFO - Searching: Rebel Saab (From "The Rajasaab") [HINDI]
2026-07-06 19:04:30,154 - INFO - Matched Rebel Saab (From "The Rajasaab") [HINDI] -> Rebel Saab Lyrical Song (Hindi) - The RajaSaab |Prabhas |Maruthi |Thaman S |Vishwa |Sachet, Kumaar
2026-07-06 19:04:30,155 - INFO - Searching: Boom Boom - From "Dude (Telugu)"
2026-07-06 19:04:30,565 - INFO - Matched Boom Boom - From "Dude (Telugu)" -> Boom Boom | Dude | Pradeep Ranganathan, Mamitha Baiju | @SaiAbhyankkar |Keerthiswaran | Mythri
2026-07-06 19:04:30,566 - INFO - Searching: Bhimavaram Balma (From "Anaganaga Oka Raju")
2026-07-06 19:04:30,872 - INFO - Matched Bhimavaram Balma (From "Anaganaga Oka Raju") -> Bhimavaram Balma Lyrical | Anaganaga Oka Raju | Naveen Polishetty,Meenakshi | Mickey J Meyer | Maari
2026-07-06 19:04:30,873 - INFO - Searching: Bhimavaram Balma (From "Anaganaga Oka Raju")
2026-07-06 19:04:31,175 - INFO - Matched Bhimavaram Balma (From "Anaganaga Oka Raju") -> Bhimavaram Balma Lyrical | Anaganaga Oka Raju | Naveen Polishetty,Meenakshi | Mickey J Meyer | Maari
2026-07-06 19:04:31,176 - INFO - Searching: Gira Gira Gingiraagirey (From "Champion")
2026-07-06 19:04:31,591 - INFO - Matched Gira Gira Gingiraagirey (From "Champion") -> Gira Gira Gingiraagirey Lyrical Video | Champion | Roshan | Anaswara | Ram Miriyala | Mickey J Meyer
2026-07-06 19:04:31,592 - INFO - Searching: Gira Gira Gingiraagirey (From "Champion")
2026-07-06 19:04:32,001 - INFO - Matched Gira Gira Gingiraagirey (From "Champion") -> Gira Gira Gingiraagirey Lyrical Video | Champion | Roshan | Anaswara | Ram Miriyala | Mickey J Meyer
2026-07-06 19:04:32,002 - INFO - Searching: Dheere Dheere (From "FUNKY")
2026-07-06 19:04:32,309 - INFO - Matched Dheere Dheere (From "FUNKY") -> Dheere Dheere Lyrical Video | FUNKY | Vishwak Sen, Kayadu Lohar | Anudeep KV | Bheems Ceciroleo
2026-07-06 19:04:32,855 - INFO - Created playlist: as
2026-07-06 19:04:35,485 - INFO - Added video: 2nbj5UT-1Jc
2026-07-06 19:04:35,668 - INFO - Added video: oinV4LBbV6w
2026-07-06 19:04:35,873 - INFO - Added video: Ja7Yz0MPbwI
2026-07-06 19:04:36,082 - INFO - Added video: vVDp1ulBKIk
2026-07-06 19:04:36,276 - INFO - Added video: s9NBDKfVg1c
2026-07-06 19:04:36,464 - INFO - Added video: Ah1fj7MvPi0
2026-07-06 19:04:36,687 - INFO - Added video: 5JoPeWHkKJg
2026-07-06 19:04:36,883 - INFO - Added video: hW0aNcQPN2c
2026-07-06 19:04:37,088 - INFO - Added video: hW0aNcQPN2c
2026-07-06 19:04:37,641 - INFO - Added video: VXSK2S8Aq0Q
2026-07-06 19:04:37,952 - INFO - Added video: VXSK2S8Aq0Q
2026-07-06 19:04:38,150 - INFO - Added video: jnkAv_DkqoY
2026-07-06 19:04:38,152 - INFO - Migration completed successfully
2026-07-06 19:07:58,482 - INFO - Connected to Spotify
2026-07-06 19:07:58,483 - INFO - file_cache is only supported with oauth2client<4.0.0
2026-07-06 19:07:58,485 - INFO - Connected to YouTube API
2026-07-06 19:08:01,519 - ERROR - Search failed for Sahana Sahana (From "The Rajasaab") [TELUGU]: <HttpError 429 when requesting https://youtube.googleapis.com/youtube/v3/search?part=snippet&q=Sahana+Sahana+%28From+%22The+Rajasaab%22%29+%5BTELUGU%5D+Thaman+S%2C+Vishal+Mishra%2C+Sruthi+Ranjani%2C+Krishna+Kanth+official+audio&type=video&maxResults=5&alt=json returned "Quota exceeded for quota metric 'Search Queries' and limit 'Search Queries per day' of service 'youtube.googleapis.com' for consumer 'project_number:772305592550'.". Details: "[{'message': "Quota exceeded for quota metric 'Search Queries' and limit 'Search Queries per day' of service 'youtube.googleapis.com' for consumer 'project_number:772305592550'.", 'domain': 'global', 'reason': 'rateLimitExceeded'}]">
2026-07-06 19:08:01,543 - ERROR - Search failed for Nuvvunte Chaley: <HttpError 429 when requesting https://youtube.googleapis.com/youtube/v3/search?part=snippet&q=Nuvvunte+Chaley+Vivek+-+Mervin%2C+Anirudh+Ravichander%2C+Ram+Pothineni+official+audio&type=video&maxResults=5&alt=json returned "Quota exceeded for quota metric 'Search Queries' and limit 'Search Queries per day' of service 'youtube.googleapis.com' for consumer 'project_number:772305592550'.". Details: "[{'message': "Quota exceeded for quota metric 'Search Queries' and limit 'Search Queries per day' of service 'youtube.googleapis.com' for consumer 'project_number:772305592550'.", 'domain': 'global', 'reason': 'rateLimitExceeded'}]">
2026-07-06 19:08:01,759 - INFO - Matched Boom Boom - From "Dude (Telugu)" -> Boom Boom | Dude | Pradeep Ranganathan, Mamitha Baiju | @SaiAbhyankkar |Keerthiswaran | Mythri
2026-07-06 19:08:01,782 - INFO - Matched Dekhlenge Saala (From "Ustaad Bhagat Singh") -> Power Star&#39;s Mass Blast! 🔥 &quot;Dekhlenge Saala&quot; | Ustaad Bhagat Singh | DSP |  Sreeleela 🦁⚡ #pspk
2026-07-06 19:08:01,788 - INFO - Matched Rebel Saab (From "The Rajasaab") [HINDI] -> Rebel Saab Lyrical Song (Hindi) - The RajaSaab |Prabhas |Maruthi |Thaman S |Vishwa |Sachet, Kumaar
2026-07-06 19:08:01,826 - ERROR - Search failed for Gira Gira Gingiraagirey (From "Champion"): [SSL] record layer failure (_ssl.c:2657)
2026-07-06 19:08:01,826 - ERROR - Search failed for Bhimavaram Balma (From "Anaganaga Oka Raju"): [SSL] record layer failure (_ssl.c:2657)
2026-07-06 19:08:01,826 - ERROR - Search failed for Dheere Dheere (From "FUNKY"): [SSL] record layer failure (_ssl.c:2657)
2026-07-06 19:08:01,826 - ERROR - Search failed for Gira Gira Gingiraagirey (From "Champion"): [SSL] record layer failure (_ssl.c:2657)
2026-07-06 19:08:01,826 - ERROR - Search failed for Bhimavaram Balma (From "Anaganaga Oka Raju"): [SSL] record layer failure (_ssl.c:2657)
2026-07-06 19:08:01,826 - ERROR - Search failed for Singari - From "Dude (Telugu)": [SSL: LENGTH_MISMATCH] length mismatch (_ssl.c:2657)
2026-07-06 19:08:01,831 - INFO - Matched Chikiri Chikiri (From "Peddi") [TELUGU] -> Chikiri Chikiri Video Song | Peddi | Ram Charan | Janhvi | Buchi Babu Sana | AR Rahman|Mohit Chauhan
2026-07-06 19:08:02,353 - INFO - Created playlist: as
2026-07-06 19:08:02,760 - INFO - Added video: 5JoPeWHkKJg
2026-07-06 19:08:03,171 - INFO - Added video: oinV4LBbV6w
2026-07-06 19:08:03,685 - INFO - Added video: Ah1fj7MvPi0
2026-07-06 19:08:04,402 - INFO - Added video: vVDp1ulBKIk
2026-07-06 19:08:04,406 - INFO - Migration completed successfully
2026-07-06 19:17:18,834 - INFO - file_cache is only supported with oauth2client<4.0.0
2026-07-06 19:17:24,893 - INFO - file_cache is only supported with oauth2client<4.0.0
2026-07-06 19:17:25,943 - INFO - Matched Rebel Saab (From "The Rajasaab") [HINDI] -> Rebel Saab Lyrical Song (Hindi) - The RajaSaab |Prabhas |Maruthi |Thaman S |Vishwa |Sachet, Kumaar
2026-07-06 19:17:25,986 - INFO - Matched Boom Boom - From "Dude (Telugu)" -> Boom Boom | Dude | Pradeep Ranganathan, Mamitha Baiju | @SaiAbhyankkar |Keerthiswaran | Mythri
2026-07-06 19:17:26,006 - INFO - Matched Dekhlenge Saala (From "Ustaad Bhagat Singh") -> Power Star&#39;s Mass Blast! 🔥 &quot;Dekhlenge Saala&quot; | Ustaad Bhagat Singh | DSP |  Sreeleela 🦁⚡ #pspk
2026-07-06 19:17:26,090 - INFO - Matched Chikiri Chikiri (From "Peddi") [TELUGU] -> Chikiri Chikiri Video Song | Peddi | Ram Charan | Janhvi | Buchi Babu Sana | AR Rahman|Mohit Chauhan
2026-07-06 19:19:22,776 - INFO - file_cache is only supported with oauth2client<4.0.0
2026-07-06 19:19:24,321 - INFO - file_cache is only supported with oauth2client<4.0.0
2026-07-06 19:19:25,225 - INFO - Matched Dekhlenge Saala (From "Ustaad Bhagat Singh") -> Power Star&#39;s Mass Blast! 🔥 &quot;Dekhlenge Saala&quot; | Ustaad Bhagat Singh | DSP |  Sreeleela 🦁⚡ #pspk
2026-07-06 19:23:34,336 - INFO - file_cache is only supported with oauth2client<4.0.0
2026-07-06 19:23:39,057 - INFO - file_cache is only supported with oauth2client<4.0.0
2026-07-06 19:23:41,529 - INFO - file_cache is only supported with oauth2client<4.0.0
2026-07-06 19:25:19,615 - INFO - file_cache is only supported with oauth2client<4.0.0
2026-07-06 19:25:22,767 - INFO - file_cache is only supported with oauth2client<4.0.0
2026-07-06 19:25:23,714 - INFO - file_cache is only supported with oauth2client<4.0.0
2026-07-06 19:27:28,987 - INFO - file_cache is only supported with oauth2client<4.0.0
2026-07-06 19:27:31,489 - INFO - file_cache is only supported with oauth2client<4.0.0
2026-07-06 19:27:32,280 - INFO - file_cache is only supported with oauth2client<4.0.0
2026-07-06 19:29:42,278 - INFO - file_cache is only supported with oauth2client<4.0.0
2026-07-06 19:29:46,053 - INFO - file_cache is only supported with oauth2client<4.0.0
2026-07-06 19:29:46,135 - INFO - file_cache is only supported with oauth2client<4.0.0
2026-07-06 19:29:46,645 - ERROR - Search failed for Sahana Sahana (From "The Rajasaab") [TELUGU]: <HttpError 429 when requesting https://youtube.googleapis.com/youtube/v3/search?part=snippet&q=Sahana+Sahana+%28From+%22The+Rajasaab%22%29+%5BTELUGU%5D+Thaman+S%2C+Vishal+Mishra%2C+Sruthi+Ranjani%2C+Krishna+Kanth+official+song&type=video&maxResults=5&alt=json returned "Quota exceeded for quota metric 'Search Queries' and limit 'Search Queries per day' of service 'youtube.googleapis.com' for consumer 'project_number:772305592550'.". Details: "[{'message': "Quota exceeded for quota metric 'Search Queries' and limit 'Search Queries per day' of service 'youtube.googleapis.com' for consumer 'project_number:772305592550'.", 'domain': 'global', 'reason': 'rateLimitExceeded'}]">
2026-07-06 19:29:46,706 - ERROR - Search failed for Dekhlenge Saala (From "Ustaad Bhagat Singh"): <HttpError 429 when requesting https://youtube.googleapis.com/youtube/v3/search?part=snippet&q=Dekhlenge+Saala+%28From+%22Ustaad+Bhagat+Singh%22%29+Devi+Sri+Prasad%2C+Vishal+Dadlani%2C+Haripriya%2C+Bhaskarabhatla+official+song&type=video&maxResults=5&alt=json returned "Quota exceeded for quota metric 'Search Queries' and limit 'Search Queries per day' of service 'youtube.googleapis.com' for consumer 'project_number:772305592550'.". Details: "[{'message': "Quota exceeded for quota metric 'Search Queries' and limit 'Search Queries per day' of service 'youtube.googleapis.com' for consumer 'project_number:772305592550'.", 'domain': 'global', 'reason': 'rateLimitExceeded'}]">
2026-07-06 19:29:46,766 - ERROR - Search failed for Singari - From "Dude (Telugu)": <HttpError 429 when requesting https://youtube.googleapis.com/youtube/v3/search?part=snippet&q=Singari+-+From+%22Dude+%28Telugu%29%22+Sai+Abhyankkar%2C+Ramajogayya+Sastry+official+song&type=video&maxResults=5&alt=json returned "Quota exceeded for quota metric 'Search Queries' and limit 'Search Queries per day' of service 'youtube.googleapis.com' for consumer 'project_number:772305592550'.". Details: "[{'message': "Quota exceeded for quota metric 'Search Queries' and limit 'Search Queries per day' of service 'youtube.googleapis.com' for consumer 'project_number:772305592550'.", 'domain': 'global', 'reason': 'rateLimitExceeded'}]">
2026-07-06 19:29:46,824 - ERROR - Search failed for Chikiri Chikiri (From "Peddi") [TELUGU]: <HttpError 429 when requesting https://youtube.googleapis.com/youtube/v3/search?part=snippet&q=Chikiri+Chikiri+%28From+%22Peddi%22%29+%5BTELUGU%5D+A.R.+Rahman%2C+Mohit+Chauhan%2C+Balaji+official+song&type=video&maxResults=5&alt=json returned "Quota exceeded for quota metric 'Search Queries' and limit 'Search Queries per day' of service 'youtube.googleapis.com' for consumer 'project_number:772305592550'.". Details: "[{'message': "Quota exceeded for quota metric 'Search Queries' and limit 'Search Queries per day' of service 'youtube.googleapis.com' for consumer 'project_number:772305592550'.", 'domain': 'global', 'reason': 'rateLimitExceeded'}]">
2026-07-06 19:29:46,888 - ERROR - Search failed for Nuvvunte Chaley: <HttpError 429 when requesting https://youtube.googleapis.com/youtube/v3/search?part=snippet&q=Nuvvunte+Chaley+Vivek+-+Mervin%2C+Anirudh+Ravichander%2C+Ram+Pothineni+official+song&type=video&maxResults=5&alt=json returned "Quota exceeded for quota metric 'Search Queries' and limit 'Search Queries per day' of service 'youtube.googleapis.com' for consumer 'project_number:772305592550'.". Details: "[{'message': "Quota exceeded for quota metric 'Search Queries' and limit 'Search Queries per day' of service 'youtube.googleapis.com' for consumer 'project_number:772305592550'.", 'domain': 'global', 'reason': 'rateLimitExceeded'}]">
2026-07-06 19:29:46,951 - ERROR - Search failed for Rebel Saab (From "The Rajasaab") [HINDI]: <HttpError 429 when requesting https://youtube.googleapis.com/youtube/v3/search?part=snippet&q=Rebel+Saab+%28From+%22The+Rajasaab%22%29+%5BHINDI%5D+Thaman+S%2C+Sachet+Tandon%2C+Blaaze%2C+Kumaar+official+song&type=video&maxResults=5&alt=json returned "Quota exceeded for quota metric 'Search Queries' and limit 'Search Queries per day' of service 'youtube.googleapis.com' for consumer 'project_number:772305592550'.". Details: "[{'message': "Quota exceeded for quota metric 'Search Queries' and limit 'Search Queries per day' of service 'youtube.googleapis.com' for consumer 'project_number:772305592550'.", 'domain': 'global', 'reason': 'rateLimitExceeded'}]">
2026-07-06 19:29:47,015 - ERROR - Search failed for Boom Boom - From "Dude (Telugu)": <HttpError 429 when requesting https://youtube.googleapis.com/youtube/v3/search?part=snippet&q=Boom+Boom+-+From+%22Dude+%28Telugu%29%22+Sai+Abhyankkar%2C+Bhumi%2C+Deepthi+Suresh%2C+Sanapati+Bharadwaj+Patrudu+official+song&type=video&maxResults=5&alt=json returned "Quota exceeded for quota metric 'Search Queries' and limit 'Search Queries per day' of service 'youtube.googleapis.com' for consumer 'project_number:772305592550'.". Details: "[{'message': "Quota exceeded for quota metric 'Search Queries' and limit 'Search Queries per day' of service 'youtube.googleapis.com' for consumer 'project_number:772305592550'.", 'domain': 'global', 'reason': 'rateLimitExceeded'}]">
2026-07-06 19:29:47,074 - ERROR - Search failed for Bhimavaram Balma (From "Anaganaga Oka Raju"): <HttpError 429 when requesting https://youtube.googleapis.com/youtube/v3/search?part=snippet&q=Bhimavaram+Balma+%28From+%22Anaganaga+Oka+Raju%22%29+Mickey+J.+Meyer%2C+Naveen+Polishetty%2C+Nutana+Mohan%2C+Chandra+Bose+official+song&type=video&maxResults=5&alt=json returned "Quota exceeded for quota metric 'Search Queries' and limit 'Search Queries per day' of service 'youtube.googleapis.com' for consumer 'project_number:772305592550'.". Details: "[{'message': "Quota exceeded for quota metric 'Search Queries' and limit 'Search Queries per day' of service 'youtube.googleapis.com' for consumer 'project_number:772305592550'.", 'domain': 'global', 'reason': 'rateLimitExceeded'}]">
2026-07-06 19:29:47,136 - ERROR - Search failed for Bhimavaram Balma (From "Anaganaga Oka Raju"): <HttpError 429 when requesting https://youtube.googleapis.com/youtube/v3/search?part=snippet&q=Bhimavaram+Balma+%28From+%22Anaganaga+Oka+Raju%22%29+Mickey+J.+Meyer%2C+Naveen+Polishetty%2C+Nutana+Mohan%2C+Chandra+Bose+official+song&type=video&maxResults=5&alt=json returned "Quota exceeded for quota metric 'Search Queries' and limit 'Search Queries per day' of service 'youtube.googleapis.com' for consumer 'project_number:772305592550'.". Details: "[{'message': "Quota exceeded for quota metric 'Search Queries' and limit 'Search Queries per day' of service 'youtube.googleapis.com' for consumer 'project_number:772305592550'.", 'domain': 'global', 'reason': 'rateLimitExceeded'}]">
2026-07-06 19:29:47,194 - ERROR - Search failed for Gira Gira Gingiraagirey (From "Champion"): <HttpError 429 when requesting https://youtube.googleapis.com/youtube/v3/search?part=snippet&q=Gira+Gira+Gingiraagirey+%28From+%22Champion%22%29+Mickey+J.+Meyer%2C+Ram+Miriyala%2C+Kasarla+Shyam+official+song&type=video&maxResults=5&alt=json returned "Quota exceeded for quota metric 'Search Queries' and limit 'Search Queries per day' of service 'youtube.googleapis.com' for consumer 'project_number:772305592550'.". Details: "[{'message': "Quota exceeded for quota metric 'Search Queries' and limit 'Search Queries per day' of service 'youtube.googleapis.com' for consumer 'project_number:772305592550'.", 'domain': 'global', 'reason': 'rateLimitExceeded'}]">
2026-07-06 19:29:47,254 - ERROR - Search failed for Gira Gira Gingiraagirey (From "Champion"): <HttpError 429 when requesting https://youtube.googleapis.com/youtube/v3/search?part=snippet&q=Gira+Gira+Gingiraagirey+%28From+%22Champion%22%29+Mickey+J.+Meyer%2C+Ram+Miriyala%2C+Kasarla+Shyam+official+song&type=video&maxResults=5&alt=json returned "Quota exceeded for quota metric 'Search Queries' and limit 'Search Queries per day' of service 'youtube.googleapis.com' for consumer 'project_number:772305592550'.". Details: "[{'message': "Quota exceeded for quota metric 'Search Queries' and limit 'Search Queries per day' of service 'youtube.googleapis.com' for consumer 'project_number:772305592550'.", 'domain': 'global', 'reason': 'rateLimitExceeded'}]">
2026-07-06 19:29:47,310 - ERROR - Search failed for Dheere Dheere (From "FUNKY"): <HttpError 429 when requesting https://youtube.googleapis.com/youtube/v3/search?part=snippet&q=Dheere+Dheere+%28From+%22FUNKY%22%29+Bheems+Ceciroleo%2C+Sanjith+Hegde%2C+Rohini+Soratt%2C+K.V.+Anudeep+official+song&type=video&maxResults=5&alt=json returned "Quota exceeded for quota metric 'Search Queries' and limit 'Search Queries per day' of service 'youtube.googleapis.com' for consumer 'project_number:772305592550'.". Details: "[{'message': "Quota exceeded for quota metric 'Search Queries' and limit 'Search Queries per day' of service 'youtube.googleapis.com' for consumer 'project_number:772305592550'.", 'domain': 'global', 'reason': 'rateLimitExceeded'}]">
2026-07-06 19:43:40,337 - INFO - file_cache is only supported with oauth2client<4.0.0
2026-07-06 19:43:43,390 - INFO - file_cache is only supported with oauth2client<4.0.0
2026-07-06 19:43:43,481 - INFO - file_cache is only supported with oauth2client<4.0.0
2026-07-06 19:43:44,275 - ERROR - <HttpError 429 when requesting https://youtube.googleapis.com/youtube/v3/search?part=snippet&q=Sahana+Sahana+%28From+%22The+Rajasaab%22%29+%5BTELUGU%5D+Thaman+S%2C+Vishal+Mishra%2C+Sruthi+Ranjani%2C+Krishna+Kanth+official+song&type=video&maxResults=5&alt=json returned "Quota exceeded for quota metric 'Search Queries' and limit 'Search Queries per day' of service 'youtube.googleapis.com' for consumer 'project_number:772305592550'.". Details: "[{'message': "Quota exceeded for quota metric 'Search Queries' and limit 'Search Queries per day' of service 'youtube.googleapis.com' for consumer 'project_number:772305592550'.", 'domain': 'global', 'reason': 'rateLimitExceeded'}]">
2026-07-06 19:43:44,333 - ERROR - <HttpError 429 when requesting https://youtube.googleapis.com/youtube/v3/search?part=snippet&q=Dekhlenge+Saala+%28From+%22Ustaad+Bhagat+Singh%22%29+Devi+Sri+Prasad%2C+Vishal+Dadlani%2C+Haripriya%2C+Bhaskarabhatla+official+song&type=video&maxResults=5&alt=json returned "Quota exceeded for quota metric 'Search Queries' and limit 'Search Queries per day' of service 'youtube.googleapis.com' for consumer 'project_number:772305592550'.". Details: "[{'message': "Quota exceeded for quota metric 'Search Queries' and limit 'Search Queries per day' of service 'youtube.googleapis.com' for consumer 'project_number:772305592550'.", 'domain': 'global', 'reason': 'rateLimitExceeded'}]">
2026-07-06 19:43:44,429 - ERROR - <HttpError 429 when requesting https://youtube.googleapis.com/youtube/v3/search?part=snippet&q=Singari+-+From+%22Dude+%28Telugu%29%22+Sai+Abhyankkar%2C+Ramajogayya+Sastry+official+song&type=video&maxResults=5&alt=json returned "Quota exceeded for quota metric 'Search Queries' and limit 'Search Queries per day' of service 'youtube.googleapis.com' for consumer 'project_number:772305592550'.". Details: "[{'message': "Quota exceeded for quota metric 'Search Queries' and limit 'Search Queries per day' of service 'youtube.googleapis.com' for consumer 'project_number:772305592550'.", 'domain': 'global', 'reason': 'rateLimitExceeded'}]">
2026-07-06 19:43:44,489 - ERROR - <HttpError 429 when requesting https://youtube.googleapis.com/youtube/v3/search?part=snippet&q=Chikiri+Chikiri+%28From+%22Peddi%22%29+%5BTELUGU%5D+A.R.+Rahman%2C+Mohit+Chauhan%2C+Balaji+official+song&type=video&maxResults=5&alt=json returned "Quota exceeded for quota metric 'Search Queries' and limit 'Search Queries per day' of service 'youtube.googleapis.com' for consumer 'project_number:772305592550'.". Details: "[{'message': "Quota exceeded for quota metric 'Search Queries' and limit 'Search Queries per day' of service 'youtube.googleapis.com' for consumer 'project_number:772305592550'.", 'domain': 'global', 'reason': 'rateLimitExceeded'}]">
2026-07-06 19:43:44,577 - ERROR - <HttpError 429 when requesting https://youtube.googleapis.com/youtube/v3/search?part=snippet&q=Nuvvunte+Chaley+Vivek+-+Mervin%2C+Anirudh+Ravichander%2C+Ram+Pothineni+official+song&type=video&maxResults=5&alt=json returned "Quota exceeded for quota metric 'Search Queries' and limit 'Search Queries per day' of service 'youtube.googleapis.com' for consumer 'project_number:772305592550'.". Details: "[{'message': "Quota exceeded for quota metric 'Search Queries' and limit 'Search Queries per day' of service 'youtube.googleapis.com' for consumer 'project_number:772305592550'.", 'domain': 'global', 'reason': 'rateLimitExceeded'}]">
2026-07-06 19:43:44,643 - ERROR - <HttpError 429 when requesting https://youtube.googleapis.com/youtube/v3/search?part=snippet&q=Rebel+Saab+%28From+%22The+Rajasaab%22%29+%5BHINDI%5D+Thaman+S%2C+Sachet+Tandon%2C+Blaaze%2C+Kumaar+official+song&type=video&maxResults=5&alt=json returned "Quota exceeded for quota metric 'Search Queries' and limit 'Search Queries per day' of service 'youtube.googleapis.com' for consumer 'project_number:772305592550'.". Details: "[{'message': "Quota exceeded for quota metric 'Search Queries' and limit 'Search Queries per day' of service 'youtube.googleapis.com' for consumer 'project_number:772305592550'.", 'domain': 'global', 'reason': 'rateLimitExceeded'}]">
2026-07-06 19:43:44,705 - ERROR - <HttpError 429 when requesting https://youtube.googleapis.com/youtube/v3/search?part=snippet&q=Boom+Boom+-+From+%22Dude+%28Telugu%29%22+Sai+Abhyankkar%2C+Bhumi%2C+Deepthi+Suresh%2C+Sanapati+Bharadwaj+Patrudu+official+song&type=video&maxResults=5&alt=json returned "Quota exceeded for quota metric 'Search Queries' and limit 'Search Queries per day' of service 'youtube.googleapis.com' for consumer 'project_number:772305592550'.". Details: "[{'message': "Quota exceeded for quota metric 'Search Queries' and limit 'Search Queries per day' of service 'youtube.googleapis.com' for consumer 'project_number:772305592550'.", 'domain': 'global', 'reason': 'rateLimitExceeded'}]">
2026-07-06 19:43:44,796 - ERROR - <HttpError 429 when requesting https://youtube.googleapis.com/youtube/v3/search?part=snippet&q=Bhimavaram+Balma+%28From+%22Anaganaga+Oka+Raju%22%29+Mickey+J.+Meyer%2C+Naveen+Polishetty%2C+Nutana+Mohan%2C+Chandra+Bose+official+song&type=video&maxResults=5&alt=json returned "Quota exceeded for quota metric 'Search Queries' and limit 'Search Queries per day' of service 'youtube.googleapis.com' for consumer 'project_number:772305592550'.". Details: "[{'message': "Quota exceeded for quota metric 'Search Queries' and limit 'Search Queries per day' of service 'youtube.googleapis.com' for consumer 'project_number:772305592550'.", 'domain': 'global', 'reason': 'rateLimitExceeded'}]">
2026-07-06 19:43:44,883 - ERROR - <HttpError 429 when requesting https://youtube.googleapis.com/youtube/v3/search?part=snippet&q=Bhimavaram+Balma+%28From+%22Anaganaga+Oka+Raju%22%29+Mickey+J.+Meyer%2C+Naveen+Polishetty%2C+Nutana+Mohan%2C+Chandra+Bose+official+song&type=video&maxResults=5&alt=json returned "Quota exceeded for quota metric 'Search Queries' and limit 'Search Queries per day' of service 'youtube.googleapis.com' for consumer 'project_number:772305592550'.". Details: "[{'message': "Quota exceeded for quota metric 'Search Queries' and limit 'Search Queries per day' of service 'youtube.googleapis.com' for consumer 'project_number:772305592550'.", 'domain': 'global', 'reason': 'rateLimitExceeded'}]">
2026-07-06 19:43:44,941 - ERROR - <HttpError 429 when requesting https://youtube.googleapis.com/youtube/v3/search?part=snippet&q=Gira+Gira+Gingiraagirey+%28From+%22Champion%22%29+Mickey+J.+Meyer%2C+Ram+Miriyala%2C+Kasarla+Shyam+official+song&type=video&maxResults=5&alt=json returned "Quota exceeded for quota metric 'Search Queries' and limit 'Search Queries per day' of service 'youtube.googleapis.com' for consumer 'project_number:772305592550'.". Details: "[{'message': "Quota exceeded for quota metric 'Search Queries' and limit 'Search Queries per day' of service 'youtube.googleapis.com' for consumer 'project_number:772305592550'.", 'domain': 'global', 'reason': 'rateLimitExceeded'}]">
2026-07-06 19:43:44,999 - ERROR - <HttpError 429 when requesting https://youtube.googleapis.com/youtube/v3/search?part=snippet&q=Gira+Gira+Gingiraagirey+%28From+%22Champion%22%29+Mickey+J.+Meyer%2C+Ram+Miriyala%2C+Kasarla+Shyam+official+song&type=video&maxResults=5&alt=json returned "Quota exceeded for quota metric 'Search Queries' and limit 'Search Queries per day' of service 'youtube.googleapis.com' for consumer 'project_number:772305592550'.". Details: "[{'message': "Quota exceeded for quota metric 'Search Queries' and limit 'Search Queries per day' of service 'youtube.googleapis.com' for consumer 'project_number:772305592550'.", 'domain': 'global', 'reason': 'rateLimitExceeded'}]">
2026-07-06 19:43:45,063 - ERROR - <HttpError 429 when requesting https://youtube.googleapis.com/youtube/v3/search?part=snippet&q=Dheere+Dheere+%28From+%22FUNKY%22%29+Bheems+Ceciroleo%2C+Sanjith+Hegde%2C+Rohini+Soratt%2C+K.V.+Anudeep+official+song&type=video&maxResults=5&alt=json returned "Quota exceeded for quota metric 'Search Queries' and limit 'Search Queries per day' of service 'youtube.googleapis.com' for consumer 'project_number:772305592550'.". Details: "[{'message': "Quota exceeded for quota metric 'Search Queries' and limit 'Search Queries per day' of service 'youtube.googleapis.com' for consumer 'project_number:772305592550'.", 'domain': 'global', 'reason': 'rateLimitExceeded'}]">
2026-07-06 19:46:06,201 - INFO - file_cache is only supported with oauth2client<4.0.0
2026-07-06 19:46:12,801 - INFO - file_cache is only supported with oauth2client<4.0.0
2026-07-06 19:46:13,360 - INFO - file_cache is only supported with oauth2client<4.0.0
2026-07-06 19:46:14,025 - ERROR - <HttpError 429 when requesting https://youtube.googleapis.com/youtube/v3/search?part=snippet&q=Sahana+Sahana+%28From+%22The+Rajasaab%22%29+%5BTELUGU%5D+Thaman+S%2C+Vishal+Mishra%2C+Sruthi+Ranjani%2C+Krishna+Kanth+official+song&type=video&maxResults=5&alt=json returned "Quota exceeded for quota metric 'Search Queries' and limit 'Search Queries per day' of service 'youtube.googleapis.com' for consumer 'project_number:772305592550'.". Details: "[{'message': "Quota exceeded for quota metric 'Search Queries' and limit 'Search Queries per day' of service 'youtube.googleapis.com' for consumer 'project_number:772305592550'.", 'domain': 'global', 'reason': 'rateLimitExceeded'}]">
2026-07-06 19:46:14,087 - ERROR - <HttpError 429 when requesting https://youtube.googleapis.com/youtube/v3/search?part=snippet&q=Dekhlenge+Saala+%28From+%22Ustaad+Bhagat+Singh%22%29+Devi+Sri+Prasad%2C+Vishal+Dadlani%2C+Haripriya%2C+Bhaskarabhatla+official+song&type=video&maxResults=5&alt=json returned "Quota exceeded for quota metric 'Search Queries' and limit 'Search Queries per day' of service 'youtube.googleapis.com' for consumer 'project_number:772305592550'.". Details: "[{'message': "Quota exceeded for quota metric 'Search Queries' and limit 'Search Queries per day' of service 'youtube.googleapis.com' for consumer 'project_number:772305592550'.", 'domain': 'global', 'reason': 'rateLimitExceeded'}]">
2026-07-06 19:46:14,145 - ERROR - <HttpError 429 when requesting https://youtube.googleapis.com/youtube/v3/search?part=snippet&q=Singari+-+From+%22Dude+%28Telugu%29%22+Sai+Abhyankkar%2C+Ramajogayya+Sastry+official+song&type=video&maxResults=5&alt=json returned "Quota exceeded for quota metric 'Search Queries' and limit 'Search Queries per day' of service 'youtube.googleapis.com' for consumer 'project_number:772305592550'.". Details: "[{'message': "Quota exceeded for quota metric 'Search Queries' and limit 'Search Queries per day' of service 'youtube.googleapis.com' for consumer 'project_number:772305592550'.", 'domain': 'global', 'reason': 'rateLimitExceeded'}]">
2026-07-06 19:46:14,214 - ERROR - <HttpError 429 when requesting https://youtube.googleapis.com/youtube/v3/search?part=snippet&q=Chikiri+Chikiri+%28From+%22Peddi%22%29+%5BTELUGU%5D+A.R.+Rahman%2C+Mohit+Chauhan%2C+Balaji+official+song&type=video&maxResults=5&alt=json returned "Quota exceeded for quota metric 'Search Queries' and limit 'Search Queries per day' of service 'youtube.googleapis.com' for consumer 'project_number:772305592550'.". Details: "[{'message': "Quota exceeded for quota metric 'Search Queries' and limit 'Search Queries per day' of service 'youtube.googleapis.com' for consumer 'project_number:772305592550'.", 'domain': 'global', 'reason': 'rateLimitExceeded'}]">
2026-07-06 19:46:14,303 - ERROR - <HttpError 429 when requesting https://youtube.googleapis.com/youtube/v3/search?part=snippet&q=Nuvvunte+Chaley+Vivek+-+Mervin%2C+Anirudh+Ravichander%2C+Ram+Pothineni+official+song&type=video&maxResults=5&alt=json returned "Quota exceeded for quota metric 'Search Queries' and limit 'Search Queries per day' of service 'youtube.googleapis.com' for consumer 'project_number:772305592550'.". Details: "[{'message': "Quota exceeded for quota metric 'Search Queries' and limit 'Search Queries per day' of service 'youtube.googleapis.com' for consumer 'project_number:772305592550'.", 'domain': 'global', 'reason': 'rateLimitExceeded'}]">
2026-07-06 19:46:14,369 - ERROR - <HttpError 429 when requesting https://youtube.googleapis.com/youtube/v3/search?part=snippet&q=Rebel+Saab+%28From+%22The+Rajasaab%22%29+%5BHINDI%5D+Thaman+S%2C+Sachet+Tandon%2C+Blaaze%2C+Kumaar+official+song&type=video&maxResults=5&alt=json returned "Quota exceeded for quota metric 'Search Queries' and limit 'Search Queries per day' of service 'youtube.googleapis.com' for consumer 'project_number:772305592550'.". Details: "[{'message': "Quota exceeded for quota metric 'Search Queries' and limit 'Search Queries per day' of service 'youtube.googleapis.com' for consumer 'project_number:772305592550'.", 'domain': 'global', 'reason': 'rateLimitExceeded'}]">
2026-07-06 19:46:14,458 - ERROR - <HttpError 429 when requesting https://youtube.googleapis.com/youtube/v3/search?part=snippet&q=Boom+Boom+-+From+%22Dude+%28Telugu%29%22+Sai+Abhyankkar%2C+Bhumi%2C+Deepthi+Suresh%2C+Sanapati+Bharadwaj+Patrudu+official+song&type=video&maxResults=5&alt=json returned "Quota exceeded for quota metric 'Search Queries' and limit 'Search Queries per day' of service 'youtube.googleapis.com' for consumer 'project_number:772305592550'.". Details: "[{'message': "Quota exceeded for quota metric 'Search Queries' and limit 'Search Queries per day' of service 'youtube.googleapis.com' for consumer 'project_number:772305592550'.", 'domain': 'global', 'reason': 'rateLimitExceeded'}]">
2026-07-06 19:46:14,520 - ERROR - <HttpError 429 when requesting https://youtube.googleapis.com/youtube/v3/search?part=snippet&q=Bhimavaram+Balma+%28From+%22Anaganaga+Oka+Raju%22%29+Mickey+J.+Meyer%2C+Naveen+Polishetty%2C+Nutana+Mohan%2C+Chandra+Bose+official+song&type=video&maxResults=5&alt=json returned "Quota exceeded for quota metric 'Search Queries' and limit 'Search Queries per day' of service 'youtube.googleapis.com' for consumer 'project_number:772305592550'.". Details: "[{'message': "Quota exceeded for quota metric 'Search Queries' and limit 'Search Queries per day' of service 'youtube.googleapis.com' for consumer 'project_number:772305592550'.", 'domain': 'global', 'reason': 'rateLimitExceeded'}]">
2026-07-06 19:46:14,578 - ERROR - <HttpError 429 when requesting https://youtube.googleapis.com/youtube/v3/search?part=snippet&q=Bhimavaram+Balma+%28From+%22Anaganaga+Oka+Raju%22%29+Mickey+J.+Meyer%2C+Naveen+Polishetty%2C+Nutana+Mohan%2C+Chandra+Bose+official+song&type=video&maxResults=5&alt=json returned "Quota exceeded for quota metric 'Search Queries' and limit 'Search Queries per day' of service 'youtube.googleapis.com' for consumer 'project_number:772305592550'.". Details: "[{'message': "Quota exceeded for quota metric 'Search Queries' and limit 'Search Queries per day' of service 'youtube.googleapis.com' for consumer 'project_number:772305592550'.", 'domain': 'global', 'reason': 'rateLimitExceeded'}]">
2026-07-06 19:46:14,636 - ERROR - <HttpError 429 when requesting https://youtube.googleapis.com/youtube/v3/search?part=snippet&q=Gira+Gira+Gingiraagirey+%28From+%22Champion%22%29+Mickey+J.+Meyer%2C+Ram+Miriyala%2C+Kasarla+Shyam+official+song&type=video&maxResults=5&alt=json returned "Quota exceeded for quota metric 'Search Queries' and limit 'Search Queries per day' of service 'youtube.googleapis.com' for consumer 'project_number:772305592550'.". Details: "[{'message': "Quota exceeded for quota metric 'Search Queries' and limit 'Search Queries per day' of service 'youtube.googleapis.com' for consumer 'project_number:772305592550'.", 'domain': 'global', 'reason': 'rateLimitExceeded'}]">
2026-07-06 19:46:14,691 - ERROR - <HttpError 429 when requesting https://youtube.googleapis.com/youtube/v3/search?part=snippet&q=Gira+Gira+Gingiraagirey+%28From+%22Champion%22%29+Mickey+J.+Meyer%2C+Ram+Miriyala%2C+Kasarla+Shyam+official+song&type=video&maxResults=5&alt=json returned "Quota exceeded for quota metric 'Search Queries' and limit 'Search Queries per day' of service 'youtube.googleapis.com' for consumer 'project_number:772305592550'.". Details: "[{'message': "Quota exceeded for quota metric 'Search Queries' and limit 'Search Queries per day' of service 'youtube.googleapis.com' for consumer 'project_number:772305592550'.", 'domain': 'global', 'reason': 'rateLimitExceeded'}]">
2026-07-06 19:46:14,747 - ERROR - <HttpError 429 when requesting https://youtube.googleapis.com/youtube/v3/search?part=snippet&q=Dheere+Dheere+%28From+%22FUNKY%22%29+Bheems+Ceciroleo%2C+Sanjith+Hegde%2C+Rohini+Soratt%2C+K.V.+Anudeep+official+song&type=video&maxResults=5&alt=json returned "Quota exceeded for quota metric 'Search Queries' and limit 'Search Queries per day' of service 'youtube.googleapis.com' for consumer 'project_number:772305592550'.". Details: "[{'message': "Quota exceeded for quota metric 'Search Queries' and limit 'Search Queries per day' of service 'youtube.googleapis.com' for consumer 'project_number:772305592550'.", 'domain': 'global', 'reason': 'rateLimitExceeded'}]">
